<?xml version="1.0" encoding="UTF-8"?>
<testsuite name="Academy Choucair" tests="1" skipped="0" failures="0" errors="0" timestamp="2022-11-07T15:45:00" hostname="DESKTOP-90TM9QP" time="67.614">
  <properties/>
  <testcase name="Search for a automation course" classname="Academy Choucair" time="67.614"/>
  <system-out><![CDATA[]]></system-out>
  <system-err><![CDATA[[Test worker] WARN net.thucydides.core.steps.BaseStepListener - stepStarted: net.thucydides.core.steps.ExecutedStepDescription@fa5d569
[Test worker] WARN net.thucydides.core.steps.BaseStepListener - stepStarted: net.thucydides.core.steps.ExecutedStepDescription@4c5832c7
[Test worker] WARN net.thucydides.core.steps.BaseStepListener - stepStarted: net.thucydides.core.steps.ExecutedStepDescription@4eeee4f9
nov 07, 2022 10:45:01 AM org.openqa.selenium.remote.DesiredCapabilities chrome
INFORMACIÓN: Using `new ChromeOptions()` is preferred to `DesiredCapabilities.chrome()`
[Test worker] INFO net.serenitybdd.core.webdriver.driverproviders.ProvideNewDriver - Instantiating driver
[Test worker] INFO net.serenitybdd.core.webdriver.driverproviders.ProvideNewDriver - Driver capabilities: Capabilities {acceptInsecureCerts: false, browserName: chrome, chrome.switches: --start-maximized, goog:chromeOptions: {args: [--start-maximized], extensions: []}, loggingPrefs: org.openqa.selenium.logging..., platform: ANY, version: }
Starting ChromeDriver 107.0.5304.62 (1eec40d3a5764881c92085aaee66d25075c159aa-refs/branch-heads/5304@{#942}) on port 26915
Only local connections are allowed.
Please see https://chromedriver.chromium.org/security-considerations for suggestions on keeping ChromeDriver safe.
ChromeDriver was started successfully.
nov 07, 2022 10:45:45 AM org.openqa.selenium.remote.ProtocolHandshake createSession
INFORMACIÓN: Detected dialect: W3C
[Test worker] WARN net.thucydides.core.steps.BaseStepListener - stepFinished: current outcome:Search for a automation course:Given than brandon wants to learn automation at the academy Choucair
| strUser | strPassword |
| 1041232126 | Choucair2022* | [Brandon open up [Brandon opens the Choucair academy page]]
[Test worker] WARN net.thucydides.core.steps.BaseStepListener - stepFinished: current outcome:Search for a automation course:Given than brandon wants to learn automation at the academy Choucair
| strUser | strPassword |
| 1041232126 | Choucair2022* | [Brandon open up [Brandon opens the Choucair academy page]]
[Test worker] WARN net.thucydides.core.steps.BaseStepListener - stepStarted: net.thucydides.core.steps.ExecutedStepDescription@72838e16
[Test worker] WARN net.thucydides.core.steps.BaseStepListener - stepStarted: net.thucydides.core.steps.ExecutedStepDescription@46acfdd2
[Test worker] WARN net.thucydides.core.steps.BaseStepListener - stepFinished: current outcome:Search for a automation course:Given than brandon wants to learn automation at the academy Choucair
| strUser | strPassword |
| 1041232126 | Choucair2022* | [Brandon open up [Brandon opens the Choucair academy page], Brandon login [Brandon clicks on button that shows us the form to login]]
[Test worker] WARN net.thucydides.core.steps.BaseStepListener - stepStarted: net.thucydides.core.steps.ExecutedStepDescription@92d74e2
[Test worker] WARN net.thucydides.core.steps.BaseStepListener - stepFinished: current outcome:Search for a automation course:Given than brandon wants to learn automation at the academy Choucair
| strUser | strPassword |
| 1041232126 | Choucair2022* | [Brandon open up [Brandon opens the Choucair academy page], Brandon login [Brandon clicks on button that shows us the form to login, Brandon enters '1041232126' into where do we write the user]]
[Test worker] WARN net.thucydides.core.steps.BaseStepListener - stepStarted: net.thucydides.core.steps.ExecutedStepDescription@2b218268
[Test worker] WARN net.thucydides.core.steps.BaseStepListener - stepFinished: current outcome:Search for a automation course:Given than brandon wants to learn automation at the academy Choucair
| strUser | strPassword |
| 1041232126 | Choucair2022* | [Brandon open up [Brandon opens the Choucair academy page], Brandon login [Brandon clicks on button that shows us the form to login, Brandon enters '1041232126' into where do we write the user, Brandon enters 'Choucair2022*' into where do we write the password]]
[Test worker] WARN net.thucydides.core.steps.BaseStepListener - stepStarted: net.thucydides.core.steps.ExecutedStepDescription@aa23dab
[Test worker] WARN net.thucydides.core.steps.BaseStepListener - stepFinished: current outcome:Search for a automation course:Given than brandon wants to learn automation at the academy Choucair
| strUser | strPassword |
| 1041232126 | Choucair2022* | [Brandon open up [Brandon opens the Choucair academy page], Brandon login [Brandon clicks on button that shows us the form to login, Brandon enters '1041232126' into where do we write the user, Brandon enters 'Choucair2022*' into where do we write the password, Brandon clicks on button to confirm login]]
[Test worker] WARN net.thucydides.core.steps.BaseStepListener - stepFinished: current outcome:Search for a automation course:Given than brandon wants to learn automation at the academy Choucair
| strUser | strPassword |
| 1041232126 | Choucair2022* | [Brandon open up [Brandon opens the Choucair academy page], Brandon login [Brandon clicks on button that shows us the form to login, Brandon enters '1041232126' into where do we write the user, Brandon enters 'Choucair2022*' into where do we write the password, Brandon clicks on button to confirm login]]
[Test worker] WARN net.thucydides.core.steps.BaseStepListener - stepFinished: current outcome:Search for a automation course:Given than brandon wants to learn automation at the academy Choucair
| strUser | strPassword |
| 1041232126 | Choucair2022* | [Brandon open up [Brandon opens the Choucair academy page], Brandon login [Brandon clicks on button that shows us the form to login, Brandon enters '1041232126' into where do we write the user, Brandon enters 'Choucair2022*' into where do we write the password, Brandon clicks on button to confirm login]]
[Test worker] WARN net.thucydides.core.steps.BaseStepListener - stepStarted: net.thucydides.core.steps.ExecutedStepDescription@457fb1dc
[Test worker] WARN net.thucydides.core.steps.BaseStepListener - stepStarted: net.thucydides.core.steps.ExecutedStepDescription@5384ac2a
[Test worker] WARN net.thucydides.core.steps.BaseStepListener - stepStarted: net.thucydides.core.steps.ExecutedStepDescription@63653d66
[Test worker] WARN net.thucydides.core.steps.BaseStepListener - stepFinished: current outcome:Search for a automation course:Given than brandon wants to learn automation at the academy Choucair
| strUser | strPassword |
| 1041232126 | Choucair2022* | [Brandon open up [Brandon opens the Choucair academy page], Brandon login [Brandon clicks on button that shows us the form to login, Brandon enters '1041232126' into where do we write the user, Brandon enters 'Choucair2022*' into where do we write the password, Brandon clicks on button to confirm login]], When he search for the course on the choucair academy platform
| strCourse |
| Metodología Bancolombia | [Brandon search [Brandon clicks on Selecciona la opcion Cursos y Certificaciones]]
[Test worker] WARN net.thucydides.core.steps.BaseStepListener - stepStarted: net.thucydides.core.steps.ExecutedStepDescription@3ba77ec6
[Test worker] WARN net.thucydides.core.steps.BaseStepListener - stepFinished: current outcome:Search for a automation course:Given than brandon wants to learn automation at the academy Choucair
| strUser | strPassword |
| 1041232126 | Choucair2022* | [Brandon open up [Brandon opens the Choucair academy page], Brandon login [Brandon clicks on button that shows us the form to login, Brandon enters '1041232126' into where do we write the user, Brandon enters 'Choucair2022*' into where do we write the password, Brandon clicks on button to confirm login]], When he search for the course on the choucair academy platform
| strCourse |
| Metodología Bancolombia | [Brandon search [Brandon clicks on Selecciona la opcion Cursos y Certificaciones, Brandon enters 'Metodología Bancolombia' into Buscar el curso]]
[Test worker] WARN net.thucydides.core.steps.BaseStepListener - stepStarted: net.thucydides.core.steps.ExecutedStepDescription@6444f986
[Test worker] WARN net.thucydides.core.steps.BaseStepListener - stepFinished: current outcome:Search for a automation course:Given than brandon wants to learn automation at the academy Choucair
| strUser | strPassword |
| 1041232126 | Choucair2022* | [Brandon open up [Brandon opens the Choucair academy page], Brandon login [Brandon clicks on button that shows us the form to login, Brandon enters '1041232126' into where do we write the user, Brandon enters 'Choucair2022*' into where do we write the password, Brandon clicks on button to confirm login]], When he search for the course on the choucair academy platform
| strCourse |
| Metodología Bancolombia | [Brandon search [Brandon clicks on Selecciona la opcion Cursos y Certificaciones, Brandon enters 'Metodología Bancolombia' into Buscar el curso, Brandon clicks on Da click para buscar el curso]]
[Test worker] WARN net.thucydides.core.steps.BaseStepListener - stepStarted: net.thucydides.core.steps.ExecutedStepDescription@4b68493c
[Test worker] WARN net.thucydides.core.steps.BaseStepListener - stepFinished: current outcome:Search for a automation course:Given than brandon wants to learn automation at the academy Choucair
| strUser | strPassword |
| 1041232126 | Choucair2022* | [Brandon open up [Brandon opens the Choucair academy page], Brandon login [Brandon clicks on button that shows us the form to login, Brandon enters '1041232126' into where do we write the user, Brandon enters 'Choucair2022*' into where do we write the password, Brandon clicks on button to confirm login]], When he search for the course on the choucair academy platform
| strCourse |
| Metodología Bancolombia | [Brandon search [Brandon clicks on Selecciona la opcion Cursos y Certificaciones, Brandon enters 'Metodología Bancolombia' into Buscar el curso, Brandon clicks on Da click para buscar el curso, Brandon clicks on Da click para acceder a la seccion del curso]]
[Test worker] WARN net.thucydides.core.steps.BaseStepListener - stepFinished: current outcome:Search for a automation course:Given than brandon wants to learn automation at the academy Choucair
| strUser | strPassword |
| 1041232126 | Choucair2022* | [Brandon open up [Brandon opens the Choucair academy page], Brandon login [Brandon clicks on button that shows us the form to login, Brandon enters '1041232126' into where do we write the user, Brandon enters 'Choucair2022*' into where do we write the password, Brandon clicks on button to confirm login]], When he search for the course on the choucair academy platform
| strCourse |
| Metodología Bancolombia | [Brandon search [Brandon clicks on Selecciona la opcion Cursos y Certificaciones, Brandon enters 'Metodología Bancolombia' into Buscar el curso, Brandon clicks on Da click para buscar el curso, Brandon clicks on Da click para acceder a la seccion del curso]]
[Test worker] WARN net.thucydides.core.steps.BaseStepListener - stepFinished: current outcome:Search for a automation course:Given than brandon wants to learn automation at the academy Choucair
| strUser | strPassword |
| 1041232126 | Choucair2022* | [Brandon open up [Brandon opens the Choucair academy page], Brandon login [Brandon clicks on button that shows us the form to login, Brandon enters '1041232126' into where do we write the user, Brandon enters 'Choucair2022*' into where do we write the password, Brandon clicks on button to confirm login]], When he search for the course on the choucair academy platform
| strCourse |
| Metodología Bancolombia | [Brandon search [Brandon clicks on Selecciona la opcion Cursos y Certificaciones, Brandon enters 'Metodología Bancolombia' into Buscar el curso, Brandon clicks on Da click para buscar el curso, Brandon clicks on Da click para acceder a la seccion del curso]]
[Test worker] WARN net.thucydides.core.steps.BaseStepListener - stepStarted: net.thucydides.core.steps.ExecutedStepDescription@6d055336
[Test worker] WARN net.thucydides.core.steps.BaseStepListener - stepStarted: net.thucydides.core.steps.ExecutedStepDescription@56fb22dc
[Test worker] WARN net.thucydides.core.steps.BaseStepListener - stepFinished: current outcome:Search for a automation course:Given than brandon wants to learn automation at the academy Choucair
| strUser | strPassword |
| 1041232126 | Choucair2022* | [Brandon open up [Brandon opens the Choucair academy page], Brandon login [Brandon clicks on button that shows us the form to login, Brandon enters '1041232126' into where do we write the user, Brandon enters 'Choucair2022*' into where do we write the password, Brandon clicks on button to confirm login]], When he search for the course on the choucair academy platform
| strCourse |
| Metodología Bancolombia | [Brandon search [Brandon clicks on Selecciona la opcion Cursos y Certificaciones, Brandon enters 'Metodología Bancolombia' into Buscar el curso, Brandon clicks on Da click para buscar el curso, Brandon clicks on Da click para acceder a la seccion del curso]], Then he finds the course called
| strCourse |
| Metodología Bancolombia | [Then answer]
[Test worker] WARN net.thucydides.core.steps.BaseStepListener - stepFinished: current outcome:Search for a automation course:Given than brandon wants to learn automation at the academy Choucair
| strUser | strPassword |
| 1041232126 | Choucair2022* | [Brandon open up [Brandon opens the Choucair academy page], Brandon login [Brandon clicks on button that shows us the form to login, Brandon enters '1041232126' into where do we write the user, Brandon enters 'Choucair2022*' into where do we write the password, Brandon clicks on button to confirm login]], When he search for the course on the choucair academy platform
| strCourse |
| Metodología Bancolombia | [Brandon search [Brandon clicks on Selecciona la opcion Cursos y Certificaciones, Brandon enters 'Metodología Bancolombia' into Buscar el curso, Brandon clicks on Da click para buscar el curso, Brandon clicks on Da click para acceder a la seccion del curso]], Then he finds the course called
| strCourse |
| Metodología Bancolombia | [Then answer]
[Test worker] WARN net.thucydides.core.steps.BaseStepListener - testFinished: Search for a automation course:Given than brandon wants to learn automation at the academy Choucair
| strUser | strPassword |
| 1041232126 | Choucair2022* | [Brandon open up [Brandon opens the Choucair academy page], Brandon login [Brandon clicks on button that shows us the form to login, Brandon enters '1041232126' into where do we write the user, Brandon enters 'Choucair2022*' into where do we write the password, Brandon clicks on button to confirm login]], When he search for the course on the choucair academy platform
| strCourse |
| Metodología Bancolombia | [Brandon search [Brandon clicks on Selecciona la opcion Cursos y Certificaciones, Brandon enters 'Metodología Bancolombia' into Buscar el curso, Brandon clicks on Da click para buscar el curso, Brandon clicks on Da click para acceder a la seccion del curso]], Then he finds the course called
| strCourse |
| Metodología Bancolombia | [Then answer]
[Test worker] WARN net.thucydides.core.steps.BaseStepListener - TestOutcomes: [Search for a automation course:Given than brandon wants to learn automation at the academy Choucair
| strUser | strPassword |
| 1041232126 | Choucair2022* | [Brandon open up [Brandon opens the Choucair academy page], Brandon login [Brandon clicks on button that shows us the form to login, Brandon enters '1041232126' into where do we write the user, Brandon enters 'Choucair2022*' into where do we write the password, Brandon clicks on button to confirm login]], When he search for the course on the choucair academy platform
| strCourse |
| Metodología Bancolombia | [Brandon search [Brandon clicks on Selecciona la opcion Cursos y Certificaciones, Brandon enters 'Metodología Bancolombia' into Buscar el curso, Brandon clicks on Da click para buscar el curso, Brandon clicks on Da click para acceder a la seccion del curso]], Then he finds the course called
| strCourse |
| Metodología Bancolombia | [Then answer]]
[Test worker] WARN net.thucydides.core.steps.BaseStepListener - Final testOutcomes: [Search for a automation course:Given than brandon wants to learn automation at the academy Choucair
| strUser | strPassword |
| 1041232126 | Choucair2022* | [Brandon open up [Brandon opens the Choucair academy page], Brandon login [Brandon clicks on button that shows us the form to login, Brandon enters '1041232126' into where do we write the user, Brandon enters 'Choucair2022*' into where do we write the password, Brandon clicks on button to confirm login]], When he search for the course on the choucair academy platform
| strCourse |
| Metodología Bancolombia | [Brandon search [Brandon clicks on Selecciona la opcion Cursos y Certificaciones, Brandon enters 'Metodología Bancolombia' into Buscar el curso, Brandon clicks on Da click para buscar el curso, Brandon clicks on Da click para acceder a la seccion del curso]], Then he finds the course called
| strCourse |
| Metodología Bancolombia | [Then answer]]
[Test worker] INFO net.thucydides.core.steps.ConsoleLoggingListener - 
        __    _____ _____ ____ _____   ____   _    ____  ____  _____ ____  
  _     \ \  |_   _| ____/ ___|_   _| |  _ \ / \  / ___|/ ___|| ____|  _ \ 
 (_)_____| |   | | |  _| \___ \ | |   | |_) / _ \ \___ \\___ \|  _| | | | |
  _|_____| |   | | | |___ ___) || |   |  __/ ___ \ ___) |___) | |___| |_| |
 (_)     | |   |_| |_____|____/ |_|   |_| /_/   \_\____/|____/|_____|____/ 
        /_/                                                                

TEST PASSED: Search for a automation course
----------------------------------------------------------------------------
]]></system-err>
</testsuite>
